/home/husarion/stop_sign/install/scene_graph_vision/lib/python3.12/site-packages/scene_graph_vision/safety_controller.py
/home/husarion/stop_sign/install/scene_graph_vision/lib/python3.12/site-packages/scene_graph_vision/__init__.py
/home/husarion/stop_sign/install/scene_graph_vision/lib/python3.12/site-packages/scene_graph_vision/zone_publisher.py
/home/husarion/stop_sign/install/scene_graph_vision/lib/python3.12/site-packages/scene_graph_vision/lidar_clusterer.py
/home/husarion/stop_sign/install/scene_graph_vision/lib/python3.12/site-packages/scene_graph_vision/scene_graph_manager.py
/home/husarion/stop_sign/install/scene_graph_vision/lib/python3.12/site-packages/scene_graph_vision/__pycache__/safety_controller.cpython-312.pyc
/home/husarion/stop_sign/install/scene_graph_vision/lib/python3.12/site-packages/scene_graph_vision/__pycache__/__init__.cpython-312.pyc
/home/husarion/stop_sign/install/scene_graph_vision/lib/python3.12/site-packages/scene_graph_vision/__pycache__/zone_publisher.cpython-312.pyc
/home/husarion/stop_sign/install/scene_graph_vision/lib/python3.12/site-packages/scene_graph_vision/__pycache__/lidar_clusterer.cpython-312.pyc
/home/husarion/stop_sign/install/scene_graph_vision/lib/python3.12/site-packages/scene_graph_vision/__pycache__/scene_graph_manager.cpython-312.pyc
/home/husarion/stop_sign/install/scene_graph_vision/share/ament_index/resource_index/packages/scene_graph_vision
/home/husarion/stop_sign/install/scene_graph_vision/share/scene_graph_vision/package.xml
/home/husarion/stop_sign/install/scene_graph_vision/lib/python3.12/site-packages/scene_graph_vision-0.0.0-py3.12.egg-info/requires.txt
/home/husarion/stop_sign/install/scene_graph_vision/lib/python3.12/site-packages/scene_graph_vision-0.0.0-py3.12.egg-info/top_level.txt
/home/husarion/stop_sign/install/scene_graph_vision/lib/python3.12/site-packages/scene_graph_vision-0.0.0-py3.12.egg-info/entry_points.txt
/home/husarion/stop_sign/install/scene_graph_vision/lib/python3.12/site-packages/scene_graph_vision-0.0.0-py3.12.egg-info/zip-safe
/home/husarion/stop_sign/install/scene_graph_vision/lib/python3.12/site-packages/scene_graph_vision-0.0.0-py3.12.egg-info/dependency_links.txt
/home/husarion/stop_sign/install/scene_graph_vision/lib/python3.12/site-packages/scene_graph_vision-0.0.0-py3.12.egg-info/PKG-INFO
/home/husarion/stop_sign/install/scene_graph_vision/lib/python3.12/site-packages/scene_graph_vision-0.0.0-py3.12.egg-info/SOURCES.txt
/home/husarion/stop_sign/install/scene_graph_vision/lib/scene_graph_vision/clusterer
/home/husarion/stop_sign/install/scene_graph_vision/lib/scene_graph_vision/controller
/home/husarion/stop_sign/install/scene_graph_vision/lib/scene_graph_vision/manager
/home/husarion/stop_sign/install/scene_graph_vision/lib/scene_graph_vision/zone_publisher
